<?xml version="1.0" encoding="UTF-8"?>
<!-- Generated by org.testng.reporters.JUnitReportReporter -->
<testsuite hostname="DESKTOP-T3UI095" failures="0" tests="3" name="testcase_portfolio.ManagePortfolio" time="24.476" errors="0" timestamp="2024-09-18T07:04:55 IST" skipped="0">
  <testcase classname="testcase_portfolio.ManagePortfolio" name="selectPortfolio" time="8.400"/>
  <testcase classname="testcase_portfolio.ManagePortfolio" name="selectPortfolio" time="3.860"/>
  <testcase classname="testcase_portfolio.ManagePortfolio" name="selectPortfolio" time="12.216"/>
</testsuite> <!-- testcase_portfolio.ManagePortfolio -->
