<?xml version="1.0" encoding="UTF-8"?>
<!-- Generated by org.testng.reporters.JUnitReportReporter -->
<testsuite hostname="DESKTOP-T3UI095" failures="0" tests="3" name="testcase_portfolio.ManageSessions" time="206.109" errors="0" timestamp="2024-09-18T07:04:55 IST" skipped="0">
  <testcase classname="testcase_portfolio.ManageSessions" name="doLogin" time="84.514"/>
  <testcase classname="testcase_portfolio.ManageSessions" name="doLogin" time="62.231"/>
  <testcase classname="testcase_portfolio.ManageSessions" name="doLogin" time="59.364"/>
</testsuite> <!-- testcase_portfolio.ManageSessions -->
