<?xml version="1.0" encoding="UTF-8"?>
<!-- Generated by org.testng.reporters.JUnitReportReporter -->
<testsuite hostname="DESKTOP-T3UI095" failures="0" tests="11" name="testcase_portfolio.ManageStocks" time="438.106" errors="0" timestamp="2024-09-18T07:04:55 IST" skipped="0">
  <testcase classname="testcase_portfolio.ManageStocks" name="modifyStock" time="68.663"/>
  <testcase classname="testcase_portfolio.ManageStocks" name="verifyTransactionHistory" time="32.844"/>
  <testcase classname="testcase_portfolio.ManageStocks" name="verifyStockQuantity" time="30.437"/>
  <testcase classname="testcase_portfolio.ManageStocks" name="verifyStockIsPresent" time="30.303"/>
  <testcase classname="testcase_portfolio.ManageStocks" name="addStockTest" time="50.216"/>
  <testcase classname="testcase_portfolio.ManageStocks" name="verifyStockQuantity" time="30.309"/>
  <testcase classname="testcase_portfolio.ManageStocks" name="verifyStockIsPresent" time="30.393"/>
  <testcase classname="testcase_portfolio.ManageStocks" name="verifyTransactionHistory" time="32.930"/>
  <testcase classname="testcase_portfolio.ManageStocks" name="verifyStockIsPresent" time="30.351"/>
  <testcase classname="testcase_portfolio.ManageStocks" name="modifyStock" time="68.708"/>
  <testcase classname="testcase_portfolio.ManageStocks" name="verifyTransactionHistory" time="32.952"/>
</testsuite> <!-- testcase_portfolio.ManageStocks -->
